----------------------------------------------------------------
2015-04-11 05:06:21.019 GMT:
 Booting Derby version The Apache Software Foundation - Apache Derby - 10.5.3.0 - (802917): instance a816c00e-014c-a6df-1845-000002d3ac08
on database directory E:\use case\zsq\zsq\zsq\com.zsq\zsq.file\zsq.file.core\jackrabbit\version\db  

Database Class Loader started - derby.database.classpath=''
----------------------------------------------------------------
2015-04-11 05:06:21.808 GMT:
 Booting Derby version The Apache Software Foundation - Apache Derby - 10.5.3.0 - (802917): instance 888c4022-014c-a6df-1845-000002d3ac08
on database directory E:\use case\zsq\zsq\zsq\com.zsq\zsq.file\zsq.file.core\jackrabbit\workspaces\default\db  

Database Class Loader started - derby.database.classpath=''
----------------------------------------------------------------
2015-04-11 05:06:22.748 GMT:
 Booting Derby version The Apache Software Foundation - Apache Derby - 10.5.3.0 - (802917): instance 6965c036-014c-a6df-1845-000002d3ac08
on database directory E:\use case\zsq\zsq\zsq\com.zsq\zsq.file\zsq.file.core\jackrabbit\workspaces\security\db  

Database Class Loader started - derby.database.classpath=''

2015-04-11 05:06:23.407 GMT:
Shutting down instance 888c4022-014c-a6df-1845-000002d3ac08
----------------------------------------------------------------

2015-04-11 05:06:23.521 GMT:
Shutting down instance 6965c036-014c-a6df-1845-000002d3ac08
----------------------------------------------------------------

2015-04-11 05:06:23.629 GMT:
Shutting down instance a816c00e-014c-a6df-1845-000002d3ac08
----------------------------------------------------------------
